<?xml version="1.0" encoding="UTF-8"?>
<testng-results ignored="0" total="1" passed="1" failed="0" skipped="0">
  <reporter-output>
  </reporter-output>
  <suite started-at="2022-11-10T21:45:07 IST" name="Default suite" finished-at="2022-11-10T21:45:14 IST" duration-ms="7559">
    <groups>
    </groups>
    <test started-at="2022-11-10T21:45:07 IST" name="Default test" finished-at="2022-11-10T21:45:14 IST" duration-ms="7559">
      <class name="rest.test">
        <test-method signature="getmethod()[pri:0, instance:rest.test@7e0b85f9]" started-at="2022-11-10T21:45:07 IST" name="getmethod" finished-at="2022-11-10T21:45:14 IST" duration-ms="7477" status="PASS">
          <reporter-output>
          </reporter-output>
        </test-method> <!-- getmethod -->
      </class> <!-- rest.test -->
    </test> <!-- Default test -->
  </suite> <!-- Default suite -->
</testng-results>
